<?xml version="1.0" encoding="UTF-8"?>
<testsuite xmlns:xsi="http://www.w3.org/2001/XMLSchema-instance" xsi:noNamespaceSchemaLocation="https://maven.apache.org/surefire/maven-surefire-plugin/xsd/surefire-test-report.xsd" version="3.0.2" name="com.appsdeveloperMl.estore.service.UserServiceTest" time="0.608" tests="7" errors="0" skipped="0" failures="0">
  <properties>
[...]
</properties>
  <testcase name="testCreateUser_whenUserDetailsProvided_returnUserObject" classname="com.appsdeveloperMl.estore.service.UserServiceTest" time="0.562"/>
  <testcase name="testCreateUser_whenFirstNameIsEmpty_throwsIllegalArgumentException" classname="com.appsdeveloperMl.estore.service.UserServiceTest" time="0.003"/>
  <testcase name="testCreateUser_whenLastNameIsEmpty_throwsIllegalArgumentException" classname="com.appsdeveloperMl.estore.service.UserServiceTest" time="0.002"/>
  <testcase name="testCreateUser_whenPasswordIsShorterThan7_throwsIllegalArgumentException" classname="com.appsdeveloperMl.estore.service.UserServiceTest" time="0.001"/>
  <testcase name="testCreateUser_whenSaveMethodThrowsException_thenThrowsUserServiceException" classname="com.appsdeveloperMl.estore.service.UserServiceTest" time="0.003"/>
  <testcase name="testCreateUser_whenEmailNotificationExceptionThrown_throwsUserServiceException" classname="com.appsdeveloperMl.estore.service.UserServiceTest" time="0.003"/>
  <testcase name="testCreateUser_whenUserCreated_schedulesEmailConfirmation" classname="com.appsdeveloperMl.estore.service.UserServiceTest" time="0.003">
    <system-out><![CDATA[scheduledEmailConfirmation is called
]]></system-out>
  </testcase>
</testsuite>